[    0.000000] Initializing cgroup subsys cpuset
[    0.000000] Initializing cgroup subsys cpu
[    0.000000] Initializing cgroup subsys cpuacct
[    0.000000] Linux version 4.4.0-190-generic (buildd@lcy01-amd64-027) (gcc version 5.4.0 20160609 (Ubuntu 5.4.0-6ubuntu1~16.04.12) ) #220-Ubuntu SMP Fri Aug 28 23:00:57 UTC 2020 (Ubuntu 4.4.0-190.220-generic 4.4.233)
[    0.000000] KERNEL supported cpus:
[    0.000000]   Intel GenuineIntel
[    0.000000]   AMD AuthenticAMD
[    0.000000]   NSC Geode by NSC
[    0.000000]   Cyrix CyrixInstead
[    0.000000]   Centaur CentaurHauls
[    0.000000]   Transmeta GenuineTMx86
[    0.000000]   Transmeta TransmetaCPU
[    0.000000]   UMC UMC UMC UMC
[    0.000000] x86/fpu: xstate_offset[2]:  576, xstate_sizes[2]:  256
[    0.000000] x86/fpu: Supporting XSAVE feature 0x01: 'x87 floating point registers'
[    0.000000] x86/fpu: Supporting XSAVE feature 0x02: 'SSE registers'
[    0.000000] x86/fpu: Supporting XSAVE feature 0x04: 'AVX registers'
[    0.000000] x86/fpu: Enabled xstate features 0x7, context size is 832 bytes, using 'standard' format.
[    0.000000] e820: BIOS-provided physical RAM map:
[    0.000000] BIOS-e820: [mem 0x0000000000000000-0x000000000009fbff] usable
[    0.000000] BIOS-e820: [mem 0x000000000009fc00-0x000000000009ffff] reserved
[    0.000000] BIOS-e820: [mem 0x00000000000f0000-0x00000000000fffff] reserved
[    0.000000] BIOS-e820: [mem 0x0000000000100000-0x000000003ffeffff] usable
[    0.000000] BIOS-e820: [mem 0x000000003fff0000-0x000000003fffffff] ACPI data
[    0.000000] BIOS-e820: [mem 0x00000000fec00000-0x00000000fec00fff] reserved
[    0.000000] BIOS-e820: [mem 0x00000000fee00000-0x00000000fee00fff] reserved
[    0.000000] BIOS-e820: [mem 0x00000000fffc0000-0x00000000ffffffff] reserved
[    0.000000] NX (Execute Disable) protection: active
[    0.000000] SMBIOS 2.5 present.
[    0.000000] Hypervisor detected: KVM
[    0.000000] e820: last_pfn = 0x3fff0 max_arch_pfn = 0x1000000
[    0.000000] MTRR: Disabled
[    0.000000] x86/PAT: MTRRs disabled, skipping PAT initialization too.
[    0.000000] CPU MTRRs all blank - virtualized system.
[    0.000000] x86/PAT: Configuration [0-7]: WB  WT  UC- UC  WB  WT  UC- UC  
[    0.000000] found SMP MP-table at [mem 0x0009fff0-0x0009ffff] mapped at [c009fff0]
[    0.000000] Scanning 1 areas for low memory corruption
[    0.000000] RAMDISK: [mem 0x362e8000-0x3716bfff]
[    0.000000] ACPI: Early table checksum verification disabled
[    0.000000] ACPI: RSDP 0x00000000000E0000 000024 (v02 VBOX  )
[    0.000000] ACPI: XSDT 0x000000003FFF0030 00003C (v01 VBOX   VBOXXSDT 00000001 ASL  00000061)
[    0.000000] ACPI: FACP 0x000000003FFF00F0 0000F4 (v04 VBOX   VBOXFACP 00000001 ASL  00000061)
[    0.000000] ACPI: DSDT 0x000000003FFF0470 002325 (v02 VBOX   VBOXBIOS 00000002 INTL 20100528)
[    0.000000] ACPI: FACS 0x000000003FFF0200 000040
[    0.000000] ACPI: FACS 0x000000003FFF0200 000040
[    0.000000] ACPI: APIC 0x000000003FFF0240 00005C (v02 VBOX   VBOXAPIC 00000001 ASL  00000061)
[    0.000000] ACPI: SSDT 0x000000003FFF02A0 0001CC (v01 VBOX   VBOXCPUT 00000002 INTL 20100528)
[    0.000000] 131MB HIGHMEM available.
[    0.000000] 891MB LOWMEM available.
[    0.000000]   mapped low ram: 0 - 37bfe000
[    0.000000]   low ram: 0 - 37bfe000
[    0.000000] kvm-clock: Using msrs 4b564d01 and 4b564d00
[    0.000000] kvm-clock: cpu 0, msr 0:37bfd001, primary cpu clock
[    0.000000] kvm-clock: using sched offset of 3509748356 cycles
[    0.000000] clocksource: kvm-clock: mask: 0xffffffffffffffff max_cycles: 0x1cd42e4dffb, max_idle_ns: 881590591483 ns
[    0.000000] Zone ranges:
[    0.000000]   DMA      [mem 0x0000000000001000-0x0000000000ffffff]
[    0.000000]   Normal   [mem 0x0000000001000000-0x0000000037bfdfff]
[    0.000000]   HighMem  [mem 0x0000000037bfe000-0x000000003ffeffff]
[    0.000000] Movable zone start for each node
[    0.000000] Early memory node ranges
[    0.000000]   node   0: [mem 0x0000000000001000-0x000000000009efff]
[    0.000000]   node   0: [mem 0x0000000000100000-0x000000003ffeffff]
[    0.000000] Initmem setup node 0 [mem 0x0000000000001000-0x000000003ffeffff]
[    0.000000] Using APIC driver default
[    0.000000] ACPI: PM-Timer IO Port: 0x4008
[    0.000000] IOAPIC[0]: apic_id 2, version 32, address 0xfec00000, GSI 0-23
[    0.000000] ACPI: INT_SRC_OVR (bus 0 bus_irq 0 global_irq 2 dfl dfl)
[    0.000000] ACPI: INT_SRC_OVR (bus 0 bus_irq 9 global_irq 9 low level)
[    0.000000] Using ACPI (MADT) for SMP configuration information
[    0.000000] smpboot: Allowing 2 CPUs, 0 hotplug CPUs
[    0.000000] PM: Registered nosave memory: [mem 0x00000000-0x00000fff]
[    0.000000] PM: Registered nosave memory: [mem 0x0009f000-0x0009ffff]
[    0.000000] PM: Registered nosave memory: [mem 0x000a0000-0x000effff]
[    0.000000] PM: Registered nosave memory: [mem 0x000f0000-0x000fffff]
[    0.000000] e820: [mem 0x40000000-0xfebfffff] available for PCI devices
[    0.000000] Booting paravirtualized kernel on KVM
[    0.000000] clocksource: refined-jiffies: mask: 0xffffffff max_cycles: 0xffffffff, max_idle_ns: 7645519600211568 ns
[    0.000000] setup_percpu: NR_CPUS:8 nr_cpumask_bits:8 nr_cpu_ids:2 nr_node_ids:1
[    0.000000] PERCPU: Embedded 18 pages/cpu @f71b2000 s43276 r0 d30452 u73728
[    0.000000] Built 1 zonelists in Zone order, mobility grouping on.  Total pages: 259800
[    0.000000] Kernel command line: BOOT_IMAGE=/boot/vmlinuz-4.4.0-190-generic root=LABEL=cloudimg-rootfs ro console=tty1 console=ttyS0
[    0.000000] PID hash table entries: 4096 (order: 2, 16384 bytes)
[    0.000000] Dentry cache hash table entries: 131072 (order: 7, 524288 bytes)
[    0.000000] Inode-cache hash table entries: 65536 (order: 6, 262144 bytes)
[    0.000000] Initializing CPU#0
[    0.000000] Initializing HighMem for node 0 (00037bfe:0003fff0)
[    0.000000] Initializing Movable for node 0 (00000000:00000000)
[    0.000000] Memory: 1007832K/1048120K available (8147K kernel code, 790K rwdata, 3212K rodata, 940K init, 788K bss, 40288K reserved, 0K cma-reserved, 135112K highmem)
[    0.000000] virtual kernel memory layout:
[    0.000000]     fixmap  : 0xfff15000 - 0xfffff000   ( 936 kB)
[    0.000000]     pkmap   : 0xffc00000 - 0xffe00000   (2048 kB)
[    0.000000]     vmalloc : 0xf83fe000 - 0xffbfe000   ( 120 MB)
[    0.000000]     lowmem  : 0xc0000000 - 0xf7bfe000   ( 891 MB)
[    0.000000]       .init : 0xc1be1000 - 0xc1ccc000   ( 940 kB)
[    0.000000]       .data : 0xc17f51f8 - 0xc1bdfac0   (4010 kB)
[    0.000000]       .text : 0xc1000000 - 0xc17f51f8   (8148 kB)
[    0.000000] Checking if this processor honours the WP bit even in supervisor mode...Ok.
[    0.000000] SLUB: HWalign=64, Order=0-3, MinObjects=0, CPUs=2, Nodes=1
[    0.000000] Hierarchical RCU implementation.
[    0.000000] 	Build-time adjustment of leaf fanout to 32.
[    0.000000] 	RCU restricting CPUs from NR_CPUS=8 to nr_cpu_ids=2.
[    0.000000] RCU: Adjusting geometry for rcu_fanout_leaf=32, nr_cpu_ids=2
[    0.000000] NR_IRQS:2304 nr_irqs:440 16
[    0.000000] Console: colour VGA+ 80x25
[    0.000000] console [tty1] enabled
[    0.000000] console [ttyS0] enabled
[    0.000000] allocated 1048576 bytes of page_ext
[    0.000000] tsc: Detected 2592.000 MHz processor
[    0.200030] Calibrating delay loop (skipped) preset value.. 5184.00 BogoMIPS (lpj=10368000)
[    0.202026] pid_max: default: 32768 minimum: 301
[    0.203103] ACPI: Core revision 20150930
[    0.205307] ACPI: 2 ACPI AML tables successfully acquired and loaded
[    0.206777] Security Framework initialized
[    0.207717] Yama: becoming mindful.
[    0.208638] AppArmor: AppArmor initialized
[    0.209587] Mount-cache hash table entries: 2048 (order: 1, 8192 bytes)
[    0.211069] Mountpoint-cache hash table entries: 2048 (order: 1, 8192 bytes)
[    0.212582] Initializing cgroup subsys io
[    0.213535] Initializing cgroup subsys memory
[    0.214483] Initializing cgroup subsys devices
[    0.215541] Initializing cgroup subsys freezer
[    0.216705] Initializing cgroup subsys net_cls
[    0.217858] Initializing cgroup subsys perf_event
[    0.218896] Initializing cgroup subsys net_prio
[    0.219892] Initializing cgroup subsys hugetlb
[    0.220868] Initializing cgroup subsys pids
[    0.244806] mce: CPU supports 0 MCE banks
[    0.245712] Last level iTLB entries: 4KB 64, 2MB 8, 4MB 8
[    0.246879] Last level dTLB entries: 4KB 64, 2MB 0, 4MB 0, 1GB 4
[    0.248089] Spectre V1 : Mitigation: usercopy/swapgs barriers and __user pointer sanitization
[    0.249963] Spectre V2 : Mitigation: Full generic retpoline
[    0.251075] Spectre V2 : Spectre v2 / SpectreRSB mitigation: Filling RSB on context switch
[    0.252808] Speculative Store Bypass: Vulnerable
[    0.253767] SRBDS: Unknown: Dependent on hypervisor status
[    0.255014] MDS: Mitigation: Clear CPU buffers
[    0.259460] Freeing SMP alternatives memory: 36K
[    0.265591] ftrace: allocating 31626 entries in 62 pages
[    0.323356] smpboot: APIC(0) Converting physical 0 to logical package 0
[    0.324787] smpboot: Max logical packages: 1
[    0.325732] Enabling APIC mode:  Flat.  Using 1 I/O APICs
[    0.328102] ..TIMER: vector=0x30 apic1=0 pin1=2 apic2=-1 pin2=-1
[    0.437429] smpboot: CPU0: Intel(R) Core(TM) i7-9750H CPU @ 2.60GHz (family: 0x6, model: 0x9e, stepping: 0xa)
[    0.439818] Performance Events: unsupported p6 CPU model 158 no PMU driver, software events only.
[    0.448832] KVM setup paravirtual spinlock
[    0.450639] x86: Booting SMP configuration:
[    0.451606] .... node  #0, CPUs:      #1
[1266874886.199803] Initializing CPU#1
[    0.453196] kvm-clock: cpu 1, msr 0:37bfd041, secondary cpu clock
[    0.475834] mce: CPU supports 0 MCE banks
[    0.478424] x86: Booted up 1 node, 2 CPUs
[    0.479484] smpboot: Total of 2 processors activated (10368.00 BogoMIPS)
[    0.481230] devtmpfs: initialized
[    0.482173] evm: security.selinux
[    0.482997] evm: security.SMACK64
[    0.483794] evm: security.SMACK64EXEC
[    0.484675] evm: security.SMACK64TRANSMUTE
[    0.485680] evm: security.SMACK64MMAP
[    0.486522] evm: security.ima
[    0.487196] evm: security.capability
[    0.488191] clocksource: jiffies: mask: 0xffffffff max_cycles: 0xffffffff, max_idle_ns: 7645041785100000 ns
[    0.490175] futex hash table entries: 512 (order: 3, 32768 bytes)
[    0.491479] pinctrl core: initialized pinctrl subsystem
[    0.492705] RTC time: 22:29:39, date: 10/15/20
[    0.494087] NET: Registered protocol family 16
[    0.495151] EISA bus registered
[    0.505730] cpuidle: using governor ladder
[    0.517512] cpuidle: using governor menu
[    0.518393] PCCT header not found.
[    0.519251] ACPI: bus type PCI registered
[    0.520132] acpiphp: ACPI Hot Plug PCI Controller Driver version: 0.5
[    0.521771] PCI : PCI BIOS area is rw and x. Use pci=nobios if you want it NX.
[    0.523297] PCI: PCI BIOS revision 2.10 entry at 0xfda26, last bus=0
[    0.524520] PCI: Using configuration type 1 for base access
[    0.538421] ACPI: Added _OSI(Module Device)
[    0.539271] ACPI: Added _OSI(Processor Device)
[    0.540255] ACPI: Added _OSI(3.0 _SCP Extensions)
[    0.541164] ACPI: Added _OSI(Processor Aggregator Device)
[    0.542807] ACPI: Executed 1 blocks of module-level executable AML code
[    0.546595] ACPI: Interpreter enabled
[    0.547473] ACPI: (supports S0 S5)
[    0.548246] ACPI: Using IOAPIC for interrupt routing
[    0.559435] PCI: Using host bridge windows from ACPI; if necessary, use "pci=nocrs" and report a bug
[    0.564365] ACPI: PCI Root Bridge [PCI0] (domain 0000 [bus 00-ff])
[    0.565540] acpi PNP0A03:00: _OSC: OS supports [ASPM ClockPM Segments MSI]
[    0.567246] acpi PNP0A03:00: _OSC: not requesting OS control; OS requires [ExtendedConfig ASPM ClockPM MSI]
[    0.569219] acpi PNP0A03:00: fail to add MMCONFIG information, can't access extended PCI configuration space under this bridge.
[    0.571772] PCI host bridge to bus 0000:00
[    0.572670] pci_bus 0000:00: root bus resource [io  0x0000-0x0cf7 window]
[    0.573941] pci_bus 0000:00: root bus resource [io  0x0d00-0xffff window]
[    0.575290] pci_bus 0000:00: root bus resource [mem 0x000a0000-0x000bffff window]
[    0.576912] pci_bus 0000:00: root bus resource [mem 0x40000000-0xfdffffff window]
[    0.578521] pci_bus 0000:00: root bus resource [bus 00-ff]
[    0.583628] pci 0000:00:01.1: legacy IDE quirk: reg 0x10: [io  0x01f0-0x01f7]
[    0.585026] pci 0000:00:01.1: legacy IDE quirk: reg 0x14: [io  0x03f6]
[    0.586277] pci 0000:00:01.1: legacy IDE quirk: reg 0x18: [io  0x0170-0x0177]
[    0.587643] pci 0000:00:01.1: legacy IDE quirk: reg 0x1c: [io  0x0376]
[    0.597396] pci 0000:00:07.0: quirk: [io  0x4000-0x403f] claimed by PIIX4 ACPI
[    0.599046] pci 0000:00:07.0: quirk: [io  0x4100-0x410f] claimed by PIIX4 SMB
[    0.603494] ACPI: PCI Interrupt Link [LNKA] (IRQs 5 9 10 *11)
[    0.605319] ACPI: PCI Interrupt Link [LNKB] (IRQs 5 9 *10 11)
[    0.607071] ACPI: PCI Interrupt Link [LNKC] (IRQs 5 *9 10 11)
[    0.608758] ACPI: PCI Interrupt Link [LNKD] (IRQs 5 9 10 *11)
[    0.610444] ACPI: Enabled 2 GPEs in block 00 to 07
[    0.611869] vgaarb: setting as boot device: PCI:0000:00:02.0
[    0.613036] vgaarb: device added: PCI:0000:00:02.0,decodes=io+mem,owns=io+mem,locks=none
[    0.614849] vgaarb: loaded
[    0.615567] vgaarb: bridge control possible 0000:00:02.0
[    0.616834] SCSI subsystem initialized
[    0.617837] ACPI: bus type USB registered
[    0.618751] usbcore: registered new interface driver usbfs
[    0.619858] usbcore: registered new interface driver hub
[    0.621060] usbcore: registered new device driver usb
[    0.622403] PCI: Using ACPI for IRQ routing
[    0.623520] NetLabel: Initializing
[    0.624310] NetLabel:  domain hash size = 128
[    0.625234] NetLabel:  protocols = UNLABELED CIPSOv4
[    0.626304] NetLabel:  unlabeled traffic allowed by default
[    0.627743] amd_nb: Cannot enumerate AMD northbridges
[    0.628899] clocksource: Switched to clocksource kvm-clock
[    0.635935] AppArmor: AppArmor Filesystem Enabled
[    0.637023] pnp: PnP ACPI init
[    0.638513] pnp: PnP ACPI: found 3 devices
[    0.639478] PnPBIOS: Disabled by ACPI PNP
[    0.681602] clocksource: acpi_pm: mask: 0xffffff max_cycles: 0xffffff, max_idle_ns: 2085701024 ns
[    0.683482] NET: Registered protocol family 2
[    0.684546] TCP established hash table entries: 8192 (order: 3, 32768 bytes)
[    0.686037] TCP bind hash table entries: 8192 (order: 4, 65536 bytes)
[    0.687291] TCP: Hash tables configured (established 8192 bind 8192)
[    0.688591] UDP hash table entries: 512 (order: 2, 16384 bytes)
[    0.689814] UDP-Lite hash table entries: 512 (order: 2, 16384 bytes)
[    0.691067] NET: Registered protocol family 1
[    0.691969] pci 0000:00:00.0: Limiting direct PCI/PCI transfers
[    0.693208] pci 0000:00:01.0: Activating ISA DMA hang workarounds
[    0.694531] Unpacking initramfs...
[    0.912283] Freeing initrd memory: 14864K
[    0.913384] clocksource: tsc: mask: 0xffffffffffffffff max_cycles: 0x255cb6cc5db, max_idle_ns: 440795203504 ns
[    0.915293] platform rtc_cmos: registered platform RTC device (no PNP device found)
[    0.917121] Scanning for low memory corruption every 60 seconds
[    0.918539] audit: initializing netlink subsys (disabled)
[    0.919700] audit: type=2000 audit(1602800984.501:1): initialized
[    0.921044] Initialise system trusted keyring
[    0.925031] HugeTLB registered 2 MB page size, pre-allocated 0 pages
[    0.927720] zbud: loaded
[    0.928619] VFS: Disk quotas dquot_6.6.0
[    0.929605] VFS: Dquot-cache hash table entries: 1024 (order 0, 4096 bytes)
[    0.931067] squashfs: version 4.0 (2009/01/31) Phillip Lougher
[    0.932412] fuse init (API version 7.23)
[    0.933554] Key type big_key registered
[    0.934476] Allocating IMA MOK and blacklist keyrings.
[    0.938014] Key type asymmetric registered
[    0.938864] Asymmetric key parser 'x509' registered
[    0.939830] bounce: pool size: 64 pages
[    0.940691] Block layer SCSI generic (bsg) driver version 0.4 loaded (major 249)
[    0.942443] io scheduler noop registered
[    0.943313] io scheduler deadline registered (default)
[    0.944500] io scheduler cfq registered
[    0.945531] pci_hotplug: PCI Hot Plug PCI Core version: 0.5
[    0.946729] pciehp: PCI Express Hot Plug Controller Driver version: 0.4
[    0.948043] ACPI: AC Adapter [AC] (on-line)
[    0.948948] input: Power Button as /devices/LNXSYSTM:00/LNXPWRBN:00/input/input0
[    0.950504] ACPI: Power Button [PWRF]
[    0.951341] input: Sleep Button as /devices/LNXSYSTM:00/LNXSLPBN:00/input/input1
[    0.952909] ACPI: Sleep Button [SLPF]
[    0.954549] ACPI: Battery Slot [BAT0] (battery present)
[    0.955664] GHES: HEST is not enabled!
[    0.956495] isapnp: Scanning for PnP cards...
[    0.961343] Serial: 8250/16550 driver, 32 ports, IRQ sharing enabled
[    0.983104] 00:02: ttyS0 at I/O 0x3f8 (irq = 4, base_baud = 115200) is a 16550A
[    0.985799] Linux agpgart interface v0.103
[    0.987681] loop: module loaded
[    0.988861] scsi host0: ata_piix
[    0.989785] scsi host1: ata_piix
[    0.990603] ata1: PATA max UDMA/33 cmd 0x1f0 ctl 0x3f6 bmdma 0xd000 irq 14
[    0.991942] ata2: PATA max UDMA/33 cmd 0x170 ctl 0x376 bmdma 0xd008 irq 15
[    0.993571] libphy: Fixed MDIO Bus: probed
[    0.994494] tun: Universal TUN/TAP device driver, 1.6
[    0.995521] tun: (C) 1999-2004 Max Krasnyansky <maxk@qualcomm.com>
[    0.996760] PPP generic driver version 2.4.2
[    0.997788] ehci_hcd: USB 2.0 'Enhanced' Host Controller (EHCI) Driver
[    0.999094] ehci-pci: EHCI PCI platform driver
[    1.000058] ehci-platform: EHCI generic platform driver
[    1.001166] ohci_hcd: USB 1.1 'Open' Host Controller (OHCI) Driver
[    1.002591] ohci-pci: OHCI PCI platform driver
[    1.003630] ohci-platform: OHCI generic platform driver
[    1.004664] uhci_hcd: USB Universal Host Controller Interface driver
[    1.006076] i8042: PNP: PS/2 Controller [PNP0303:PS2K,PNP0f03:PS2M] at 0x60,0x64 irq 1,12
[    1.008516] serio: i8042 KBD port at 0x60,0x64 irq 1
[    1.009694] serio: i8042 AUX port at 0x60,0x64 irq 12
[    1.010787] mousedev: PS/2 mouse device common for all mice
[    1.012402] rtc_cmos rtc_cmos: rtc core: registered rtc_cmos as rtc0
[    1.013758] input: AT Translated Set 2 keyboard as /devices/platform/i8042/serio0/input/input2
[    1.015753] rtc_cmos rtc_cmos: alarms up to one day, 114 bytes nvram
[    1.016907] i2c /dev entries driver
[    1.017778] device-mapper: uevent: version 1.0.3
[    1.018783] device-mapper: ioctl: 4.34.0-ioctl (2015-10-28) initialised: dm-devel@redhat.com
[    1.020557] platform eisa.0: Probing EISA bus 0
[    1.021606] platform eisa.0: EISA: Cannot allocate resource for mainboard
[    1.022900] platform eisa.0: Cannot allocate resource for EISA slot 1
[    1.024126] platform eisa.0: Cannot allocate resource for EISA slot 2
[    1.025452] platform eisa.0: Cannot allocate resource for EISA slot 3
[    1.026724] platform eisa.0: Cannot allocate resource for EISA slot 4
[    1.027934] platform eisa.0: Cannot allocate resource for EISA slot 5
[    1.029344] platform eisa.0: Cannot allocate resource for EISA slot 6
[    1.030582] platform eisa.0: Cannot allocate resource for EISA slot 7
[    1.031830] platform eisa.0: Cannot allocate resource for EISA slot 8
[    1.033102] platform eisa.0: EISA: Detected 0 cards
[    1.034086] cpufreq-nforce2: No nForce2 chipset.
[    1.035007] ledtrig-cpu: registered to indicate activity on CPUs
[    1.036398] NET: Registered protocol family 10
[    1.037536] NET: Registered protocol family 17
[    1.038516] Key type dns_resolver registered
[    1.039521] Using IPI No-Shortcut mode
[    1.040437] registered taskstats version 1
[    1.041420] Loading compiled-in X.509 certificates
[    1.043815] Loaded X.509 cert 'Build time autogenerated kernel key: 55b48316493ed1b8789cf18b00a8ae43235c1814'
[    1.045665] zswap: loaded using pool lzo/zbud
[    1.047806] Key type trusted registered
[    1.050741] Key type encrypted registered
[    1.051620] AppArmor: AppArmor sha1 policy hashing enabled
[    1.052722] ima: No TPM chip found, activating TPM-bypass!
[    1.053885] ima: Allocated hash algorithm: sha1
[    1.054850] evm: HMAC attrs: 0x1
[    1.055823]   Magic number: 8:413:502
[    1.056729] rtc_cmos rtc_cmos: setting system clock to 2020-10-15 22:29:39 UTC (1602800979)
[    1.058628] BIOS EDD facility v0.16 2004-Jun-25, 0 devices found
[    1.059801] EDD information not available.
[    1.314221] isapnp: No Plug & Play device found
[    1.315454] Freeing unused kernel memory: 940K
[    1.472299] Write protecting the kernel text: 8152k
[    1.473387] Write protecting the kernel read-only data: 3216k
[    1.474462] NX-protecting the kernel data: 6184k
Loading, please wait...
starting version 229
[    1.487489] random: systemd-udevd: uninitialized urandom read (16 bytes read, 0 bits of entropy available)
[    1.487877] random: udevadm: uninitialized urandom read (16 bytes read, 0 bits of entropy available)
[    1.491277] random: systemd-udevd: uninitialized urandom read (16 bytes read, 0 bits of entropy available)
[    1.493190] random: systemd-udevd: uninitialized urandom read (16 bytes read, 0 bits of entropy available)
[    1.496712] random: udevadm: uninitialized urandom read (16 bytes read, 0 bits of entropy available)
[    1.498201] random: systemd-udevd: uninitialized urandom read (16 bytes read, 0 bits of entropy available)
[    1.510779] random: udevadm: uninitialized urandom read (16 bytes read, 0 bits of entropy available)
[    1.512710] random: udevadm: uninitialized urandom read (16 bytes read, 0 bits of entropy available)
[    1.514826] random: udevadm: uninitialized urandom read (16 bytes read, 0 bits of entropy available)
[    1.516804] random: udevadm: uninitialized urandom read (16 bytes read, 0 bits of entropy available)
[    1.540437] Fusion MPT base driver 3.04.20
[    1.541440] Copyright (c) 1999-2008 LSI Corporation
[    1.542845] [drm] Initialized drm 1.1.0 20060810
[    1.549342] e1000: Intel(R) PRO/1000 Network Driver - version 7.3.21-k8-NAPI
[    1.550681] e1000: Copyright (c) 1999-2006 Intel Corporation.
[    1.563531] vboxvideo: loading out-of-tree module taints kernel.
[    1.564827] vboxvideo: module verification failed: signature and/or required key missing - tainting kernel
[    1.564849] Fusion MPT SPI Host driver 3.04.20
[    1.770378] input: ImExPS/2 Generic Explorer Mouse as /devices/platform/i8042/serio1/input/input4
[    1.928995] e1000 0000:00:03.0 eth0: (PCI:33MHz:32-bit) 02:07:b3:94:5e:7e
[    1.930318] e1000 0000:00:03.0 eth0: Intel(R) PRO/1000 Network Connection
[    1.932254] mptbase: ioc0: Initiating bringup
[    1.932393] e1000 0000:00:03.0 enp0s3: renamed from eth0
[    1.997633] ioc0: LSI53C1030 A0: Capabilities={Initiator}
[    2.158835] scsi host2: ioc0: LSI53C1030 A0, FwRev=00000000h, Ports=1, MaxQ=256, IRQ=20
[    2.270296] [drm] VRAM 01000000
[    2.271374] scsi 2:0:0:0: Direct-Access     VBOX     HARDDISK         1.0  PQ: 0 ANSI: 5
[    2.273139] scsi target2:0:0: Beginning Domain Validation
[    2.273190] [TTM] Zone  kernel: Available graphics memory: 444280 kiB
[    2.273191] [TTM] Zone highmem: Available graphics memory: 511836 kiB
[    2.273191] [TTM] Initializing pool allocator
[    2.273194] [TTM] Initializing DMA pool allocator
[    2.279597] fbcon: vboxdrmfb (fb0) is primary device
[    2.281880] scsi target2:0:0: Domain Validation skipping write tests
[    2.281881] scsi target2:0:0: Ending Domain Validation
[    2.281933] scsi target2:0:0: asynchronous
[    2.286184] scsi 2:0:1:0: Direct-Access     VBOX     HARDDISK         1.0  PQ: 0 ANSI: 5
[    2.286187] scsi target2:0:1: Beginning Domain Validation
[    2.287064] Console: switching to colour frame buffer device 100x37
[    2.293335] vboxvideo 0000:00:02.0: fb0: vboxdrmfb frame buffer device
[    2.293366] scsi target2:0:1: Domain Validation skipping write tests
[    2.293367] scsi target2:0:1: Ending Domain Validation
[    2.294229] scsi target2:0:1: asynchronous
[    2.302866] sd 2:0:0:0: Attached scsi generic sg0 type 0
[    2.303636] sd 2:0:0:0: [sda] 20971520 512-byte logical blocks: (10.7 GB/10.0 GiB)
[    2.304954] sd 2:0:1:0: [sdb] 20480 512-byte logical blocks: (10.5 MB/10.0 MiB)
[    2.305169] sd 2:0:1:0: Attached scsi generic sg1 type 0
[    2.307007] sd 2:0:0:0: [sda] Write Protect is off
[    2.307195] sd 2:0:1:0: [sdb] Write Protect is off
[    2.307430] sd 2:0:1:0: [sdb] Incomplete mode parameter data
[    2.307431] sd 2:0:1:0: [sdb] Assuming drive cache: write through
[    2.308921] [drm] Initialized vboxvideo 1.0.0 20130823 for 0000:00:02.0 on minor 0
[    2.311233] sd 2:0:1:0: [sdb] Attached SCSI disk
[    2.313474] sd 2:0:0:0: [sda] Incomplete mode parameter data
[    2.314362] sd 2:0:0:0: [sda] Assuming drive cache: write through
[    2.317721]  sda: sda1
[    2.319960] sd 2:0:0:0: [sda] Attached SCSI disk
Begin: Loading essential drivers ... [    2.414324] md: linear personality registered for level -1
[    2.418747] md: multipath personality registered for level -4
[    2.422895] md: raid0 personality registered for level 0
[    2.429066] md: raid1 personality registered for level 1
[    2.501464] raid6: mmxx1    gen()  7792 MB/s
[    2.568916] raid6: mmxx2    gen()  7979 MB/s
[    2.637176] raid6: sse1x1   gen()  5375 MB/s
[    2.705533] raid6: sse1x2   gen()  8078 MB/s
[    2.772913] raid6: sse2x1   gen() 11418 MB/s
[    2.841159] raid6: sse2x1   xor()  8968 MB/s
[    2.909464] raid6: sse2x2   gen() 16251 MB/s
[    2.976920] raid6: sse2x2   xor() 11376 MB/s
[    3.045151] raid6: avx2x1   gen() 24574 MB/s
[    3.113406] raid6: avx2x2   gen() 28125 MB/s
[    3.114417] raid6: using algorithm avx2x2 gen() 28125 MB/s
[    3.115449] raid6: using avx2x1 recovery algorithm
[    3.119361] xor: automatically using best checksumming function:
[    3.157312]    avx       : 28413.000 MB/sec
[    3.160007] async_tx: api initialized (async)
[    3.176075] md: raid6 personality registered for level 6
[    3.176961] md: raid5 personality registered for level 5
[    3.177919] md: raid4 personality registered for level 4
[    3.186116] md: raid10 personality registered for level 10
done.
Begin: Running /scripts/init-premount ... done.
Begin: Mounting root file system ... Begin: Running /scripts/local-top ... done.
Begin: Running /scripts/local-premount ... [    3.221110] Btrfs loaded
Scanning for Btrfs filesystems
done.
Warning: fsck not present, so skipping root file system
[    3.249155] EXT4-fs (sda1): mounted filesystem with ordered data mode. Opts: (null)
done.
Begin: Running /scripts/local-bottom ... done.
Begin: Running /scripts/init-bottom ... done.
[    3.340841] systemd[1]: systemd 229 running in system mode. (+PAM +AUDIT +SELINUX +IMA +APPARMOR +SMACK +SYSVINIT +UTMP +LIBCRYPTSETUP +GCRYPT +GNUTLS +ACL +XZ -LZ4 +SECCOMP +BLKID +ELFUTILS +KMOD -IDN)
[    3.343952] systemd[1]: Detected virtualization oracle.
[    3.344892] systemd[1]: Detected architecture x86.

Welcome to [1mUbuntu 16.04.7 LTS[0m!

[    3.354424] systemd[1]: Set hostname to <ubuntu-xenial>.
[    3.486462] systemd[1]: Listening on LVM2 metadata daemon socket.
[[0;32m  OK  [0m] Listening on LVM2 metadata daemon socket.
[    3.488331] systemd[1]: Listening on Journal Audit Socket.
[[0;32m  OK  [0m] Listening on Journal Audit Socket.
[    3.490051] systemd[1]: Listening on /dev/initctl Compatibility Named Pipe.
[[0;32m  OK  [0m] Listening on /dev/initctl Compatibility Named Pipe.
[    3.491959] systemd[1]: Started Trigger resolvconf update for networkd DNS.
[[0;32m  OK  [0m] Started Trigger resolvconf update for networkd DNS.
[    3.493944] systemd[1]: Listening on Journal Socket.
[[0;32m  OK  [0m] Listening on Journal Socket.
[    3.495529] systemd[1]: Listening on udev Kernel Socket.
[[0;32m  OK  [0m] Listening on udev Kernel Socket.
[    3.497194] systemd[1]: Reached target User and Group Name Lookups.
[[0;32m  OK  [0m] Reached target User and Group Name Lookups.
[    3.499005] systemd[1]: Listening on Syslog Socket.
[[0;32m  OK  [0m] Listening on Syslog Socket.
[    3.500545] systemd[1]: Listening on Journal Socket (/dev/log).
[[0;32m  OK  [0m] Listening on Journal Socket (/dev/log).
[    3.502566] systemd[1]: Created slice User and Session Slice.
[[0;32m  OK  [0m] Created slice User and Session Slice.
[    3.504463] systemd[1]: Created slice System Slice.
[[0;32m  OK  [0m] Created slice System Slice.
[    3.506051] systemd[1]: Reached target Slices.
[[0;32m  OK  [0m] Reached target Slices.
[    3.517533] systemd[1]: Starting Remount Root and Kernel File Systems...
         Starting Remount Root and Kernel File Systems...
[    3.525472] systemd[1]: Starting Nameserver information manager...
         Starting Nameserver information manager...
[    3.527601] systemd[1]: Starting Uncomplicated firewall...
         Starting Uncomplicated firewall...
[    3.530030] EXT4-fs (sda1): re-mounted. Opts: (null)
[    3.534680] systemd[1]: Starting Load Kernel Modules...
         Starting Load Kernel Modules...
[    3.536725] systemd[1]: Mounting Debug File System...
         Mounting Debug File System...
[    3.538835] systemd[1]: Mounting POSIX Message Queue File System...
         Mounting POSIX Message Queue File System...
[    3.546507] Loading iSCSI transport class v2.0-870.
[    3.549654] systemd[1]: Starting Create list of required static device nodes for the current kernel...
         Starting Create list of required st... nodes for the current kernel...
[    3.557486] iscsi: registered transport (tcp)
[    3.557486] systemd[1]: Reached target Swap.
[[0;32m  OK  [0m] Reached target Swap.
[    3.560310] systemd[1]: Mounting Huge Pages File System...
         Mounting Huge Pages File System...
[    3.562076] systemd[1]: Listening on Device-mapper event daemon FIFOs.
[[0;32m  OK  [0m] Listening on Device-mapper event daemon FIFOs.
[    3.569452] systemd[1]: Starting Monitoring of LVM2 mirrors, snapshots etc. using dmeventd or progress polling...
         Starting Monitoring of LVM2 mirrors... dmeventd or progress polling...
[    3.572351] systemd[1]: Started Forward Password Requests to Wall Directory Watch.
[[0;32m  OK  [0m] Started Forward Password Requests to Wall Directory Watch.
[    3.574587] systemd[1]: Listening on udev Control Socket.
[[0;32m  OK  [0m] Listening on udev Control Socket.
[    3.576539] systemd[1]: Reached target Encrypted Volumes.
[[0;32m  OK  [0m] Reached target Encrypted Volumes.
[    3.578369] systemd[1]: Reached target System Time Synchronized.
[[0;32m  OK  [0m] Reached target System Time Synchronized.
[    3.585415] systemd[1]: Listening on LVM2 poll daemon socket.
[[0;32m  OK  [0m] Listening on LVM2 poll daemon socket.
[    3.600823] iscsi: registered transport (iser)
[    3.605519] systemd[1]: Starting Journal Service...
         Starting Journal Service...
[    3.615396] systemd[1]: Created slice system-serial\x2dgetty.slice.
[[0;32m  OK  [0m] Created slice system-serial\x2dgetty.slice.
[    3.628673] systemd[1]: Set up automount Arbitrary Executable File Formats File System Automount Point.
[[0;32m  OK  [0m] Set up automount Arbitrary Executab...ats File System Automount Point.
[    3.653477] systemd[1]: Starting Set console keymap...
         Starting Set console keymap...
[    3.656412] systemd[1]: Mounted POSIX Message Queue File System.
[[0;32m  OK  [0m] Mounted POSIX Message Queue File System.
[    3.658569] systemd[1]: Mounted Debug File System.
[[0;32m  OK  [0m] Mounted Debug File System.
[    3.660247] systemd[1]: Mounted Huge Pages File System.
[[0;32m  OK  [0m] Mounted Huge Pages File System.
[    3.661866] systemd[1]: Started Journal Service.
[[0;32m  OK  [0m] Started Journal Service.
[[0;32m  OK  [0m] Started Remount Root and Kernel File Systems.
[[0;32m  OK  [0m] Started Uncomplicated firewall.
[[0;32m  OK  [0m] Started Load Kernel Modules.
[[0;32m  OK  [0m] Started Create list of required sta...ce nodes for the current kernel.
[[0;32m  OK  [0m] Started LVM2 metadata daemon.
         Starting Create Static Device Nodes in /dev...
         Starting Apply Kernel Variables...
         Mounting FUSE Control File System...
         Starting Load/Save Random Seed...
         Starting udev Coldplug all Devices...
         Starting Flush Journal to Persistent Storage...
[[0;32m  OK  [0m] Mounted FUSE Control File System.
[[0;32m  OK  [0m] Started Nameserver information manager.
[[0;32m  OK  [0m] Started Create Static Device Nodes in /dev.
[[0;32m  OK  [0m] Started Apply Kernel Variables.
[[0;32m  OK  [0m] Started Set console keymap.
[[0;32m  OK  [0m] Started Load/Save Random Seed.
         Starting udev Kernel Device Manager...
[[0;32m  OK  [0m] Started Flush Journal to Persistent Storage.
[[0;32m  OK  [0m] Started udev Coldplug all Devices.
[[0;32m  OK  [0m] Started udev Kernel Device Manager.
[[0;32m  OK  [0m] Started Dispatch Password Requests to Console Directory Watch.
[[0;32m  OK  [0m] Found device /dev/ttyS0.
[[0;32m  OK  [0m] Listening on Load/Save RF Kill Switch Status /dev/rfkill Watch.
[[0;32m  OK  [0m] Started Monitoring of LVM2 mirrors,...ng dmeventd or progress polling.
[[0;32m  OK  [0m] Reached target Local File Systems (Pre).
[[0;32m  OK  [0m] Reached target Local File Systems.
         Starting Initial cloud-init job (pre-networking)...
         Starting Set console font and keymap...
         Starting Create Volatile Files and Directories...
         Starting LSB: AppArmor initialization...
         Starting Tell Plymouth To Write Out Runtime Data...
         Mounting /vagrant...
[[0;32m  OK  [0m] Started Create Volatile Files and Directories.
[[0;32m  OK  [0m] Started Tell Plymouth To Write Out Runtime Data.
[[0;32m  OK  [0m] Mounted /vagrant.
         Starting Update UTMP about System Boot/Shutdown...
[[0;32m  OK  [0m] Started Update UTMP about System Boot/Shutdown.
[[0;32m  OK  [0m] Found device 82540EM Gigabit Ethern...r (PRO/1000 MT Desktop Adapter).
[[0;32m  OK  [0m] Started LSB: AppArmor initialization.
         Starting Load AppArmor profiles managed internally by snapd...
[[0;32m  OK  [0m] Started Set console font and keymap.
[[0;32m  OK  [0m] Started Load AppArmor profiles managed internally by snapd.
[[0;32m  OK  [0m] Created slice system-getty.slice.
[    4.799578] cloud-init[533]: Cloud-init v. 20.3-2-g371b392c-0ubuntu1~16.04.1 running 'init-local' at Thu, 15 Oct 2020 22:29:43 +0000. Up 4.49 seconds.
[[0;32m  OK  [0m] Started Initial cloud-init job (pre-networking).
[[0;32m  OK  [0m] Reached target Network (Pre).
         Starting Raise network interfaces...
[[0;32m  OK  [0m] Started ifup for enp0s3.
[[0;32m  OK  [0m] Started Raise network interfaces.
         Starting Initial cloud-init job (metadata service crawler)...
[[0;32m  OK  [0m] Reached target Network.
[    5.720546] cloud-init[983]: Cloud-init v. 20.3-2-g371b392c-0ubuntu1~16.04.1 running 'init' at Thu, 15 Oct 2020 22:29:44 +0000. Up 5.37 seconds.
[    5.728653] cloud-init[983]: ci-info: +++++++++++++++++++++++++++++++++++++Net device info++++++++++++++++++++++++++++++++++++++
[    5.730153] cloud-init[983]: ci-info: +--------+------+---------------------------+---------------+--------+-------------------+
[    5.731612] cloud-init[983]: ci-info: | Device |  Up  |          Address          |      Mask     | Scope  |     Hw-Address    |
[    5.732991] cloud-init[983]: ci-info: +--------+------+---------------------------+---------------+--------+-------------------+
[    5.734307] cloud-init[983]: ci-info: | enp0s3 | True |         10.0.2.15         | 255.255.255.0 | global | 02:07:b3:94:5e:7e |
[    5.741764] cloud-init[983]: ci-info: | enp0s3 | True | fe80::7:b3ff:fe94:5e7e/64 |       .       |  link  | 02:07:b3:94:5e:7e |
[    5.748536] cloud-init[983]: ci-info: |   lo   | True |         127.0.0.1         |   255.0.0.0   |  host  |         .         |
[    5.749961] cloud-init[983]: ci-info: |   lo   | True |          ::1/128          |       .       |  host  |         .         |
[    5.751422] cloud-init[983]: ci-info: +--------+------+---------------------------+---------------+--------+-------------------+
[    5.760356] cloud-init[983]: ci-info: +++++++++++++++++++++++++++Route IPv4 info++++++++++++++++++++++++++++
[    5.768637] cloud-init[983]: ci-info: +-------+-------------+----------+---------------+-----------+-------+
[    5.776514] cloud-init[983]: ci-info: | Route | Destination | Gateway  |    Genmask    | Interface | Flags |
[    5.777699] cloud-init[983]: ci-info: +-------+-------------+----------+---------------+-----------+-------+
[    5.779757] cloud-init[983]: ci-info: |   0   |   0.0.0.0   | 10.0.2.2 |    0.0.0.0    |   enp0s3  |   UG  |
[    5.788676] cloud-init[983]: ci-info: |   1   |   10.0.2.0  | 0.0.0.0  | 255.255.255.0 |   enp0s3  |   U   |
[    5.796467] cloud-init[983]: ci-info: +-------+-------------+----------+---------------+-----------+-------+
[[0;32m  OK  [0m] Started Initial cloud-init job (metadata service crawler).
[[0;32m  OK  [0m] Reached target Network is Online.
[    5.799797] cloud-init[983]: ci-info: +++++++++++++++++++Route IPv6 info+++++++++++++++++++
[    5.802733] cloud-init[983]: ci-info: +-------+-------------+---------+-----------+-------+
[    5.803922] cloud-init[983]: ci-info: | Route | Destination | Gateway | Interface | Flags |
[    5.805245] cloud-init[983]: ci-info: +-------+-------------+---------+-----------+-------+
[    5.806705] cloud-init[983]: ci-info: |   0   |  fe80::/64  |    ::   |   enp0s3  |   U   |
[    5.813581]          Starting iSCSI initiator daemon (iscsid)...
[[0;32m  OK  [0m] Reached target Cloud-config availability.
[[0;32m  OK  [0m] Reached target System Initialization.
cloud-init[983]: ci-info: |   3   |   ff00::/8  |    ::   |   enp0s3  |   U   |[[0;32m  OK  [0m] Started ACPI Events Check.
[[0;32m  OK  [0m] Reached target Paths.
         Starting Socket activation for snappy daemon.
[[0;32m  OK  [0m] Started Daily Cleanup of Temporary Directories.
[[0;32m  OK  [0m] Listening on D-Bus System Message Bus Socket.
[[0;32m  OK  [0m] Listening on UUID daemon activation socket.
         Starting LXD - unix socket.

[    5.820430] cloud-init[983]: ci-info: +-------+-------------+---------+-----------+-------+
[[0;32m  OK  [0m] Started Daily apt download activities.
[[0;32m  OK  [0m] Started Daily apt upgrade and clean activities.
[[0;32m  OK  [0m] Listening on ACPID Listen Socket.
[[0;32m  OK  [0m] Started Message of the Day.
[[0;32m  OK  [0m] Reached target Timers.
[[0;32m  OK  [0m] Listening on Socket activation for snappy daemon.
[[0;32m  OK  [0m] Listening on LXD - unix socket.
[[0;32m  OK  [0m] Reached target Sockets.
[[0;32m  OK  [0m] Reached target Basic System.
         Starting /etc/rc.local Compatibility...
         Starting LSB: MD monitoring daemon...
[[0;32m  OK  [0m] Started Deferred execution scheduler.
[[0;32m  OK  [0m] Started FUSE filesystem for LXC.
         Starting vboxadd.service...
         Starting LXD - container startup/shutdown...
         Starting MySQL Community Server...
         Starting Message of the Day...
         Starting Accounts Service...
         Starting Login Service...
[[0;32m  OK  [0m] Started D-Bus System Message Bus.
         Starting OpenBSD Secure Shell server...
[[0;32m  OK  [0m] Started Regular background program processing daemon.
         Starting System Logging Service...
[[0;32m  OK  [0m] Started ACPI event daemon.
         Starting LSB: Record successful boot for GRUB...
         Starting Snap Daemon...
[[0;32m  OK  [0m] Started /etc/rc.local Compatibility.
[[0;32m  OK  [0m] Started Message of the Day.
[[0;32m  OK  [0m] Started iSCSI initiator daemon (iscsid).
[[0;32m  OK  [0m] Started System Logging Service.
[[0;32m  OK  [0m] Started LXD - container startup/shutdown.
[[0;32m  OK  [0m] Started LSB: MD monitoring daemon.
[[0;32m  OK  [0m] Started Login Service.
[[0;32m  OK  [0m] Started Unattended Upgrades Shutdown.
         Starting Authenticate and Authorize Users to Run Privileged Tasks...
         Starting Login to default iSCSI targets...
[[0;32m  OK  [0m] Started OpenBSD Secure Shell server.
[[0;32m  OK  [0m] Started LSB: Record successful boot for GRUB.
[[0;32m  OK  [0m] Started Login to default iSCSI targets.
[[0;32m  OK  [0m] Reached target Remote File Systems (Pre).
[[0;32m  OK  [0m] Reached target Remote File Systems.
         Starting LSB: daemon to balance interrupts for SMP systems...
         Starting Permit User Sessions...
         Starting LSB: Set the CPU Frequency Scaling governor to "ondemand"...
         Starting LSB: automatic crash report generation...
[[0;32m  OK  [0m] Started Permit User Sessions.
         Starting Hold until boot process finishes up...
         Starting Terminate Plymouth Boot Screen...
[[0;32m  OK  [0m] Started Hold until boot process finishes up.
[[0;32m  OK  [0m] Started Authenticate and Authorize Users to Run Privileged Tasks.
[[0;32m  OK  [0m] Started Terminate Plymouth Boot Screen.
[[0;32m  OK  [0m] Started Accounts Service.
         Starting Set console scheme...
[[0;32m  OK  [0m] Started Getty on tty1.
[[0;32m  OK  [0m] Started Serial Getty on ttyS0.
[[0;32m  OK  [0m] Reached target Login Prompts.
[[0;32m  OK  [0m] Started LSB: Set the CPU Frequency Scaling governor to "ondemand".
[[0;32m  OK  [0m] Started Set console scheme.
[[0;32m  OK  [0m] Started LSB: automatic crash report generation.
[[0;32m  OK  [0m] Started LSB: daemon to balance interrupts for SMP systems.
[[0;32m  OK  [0m] Started Snap Daemon.
         Starting Wait until snapd is fully seeded...
[[0;32m  OK  [0m] Created slice User Slice of vagrant.
         Starting User Manager for UID 1000...
[[0;32m  OK  [0m] Started Session 1 of user vagrant.
[[0;32m  OK  [0m] Started User Manager for UID 1000.
[[0;32m  OK  [0m] Started Wait until snapd is fully seeded.
         Starting Apply the settings specified in cloud-config...
[[0;32m  OK  [0m] Started vboxadd.service.
         Starting vboxadd-service.service...
[[0;32m  OK  [0m] Started vboxadd-service.service.
[    8.060718] cloud-init[1291]: Cloud-init v. 20.3-2-g371b392c-0ubuntu1~16.04.1 running 'modules:config' at Thu, 15 Oct 2020 22:29:46 +0000. Up 7.91 seconds.
[[0;32m  OK  [0m] Started Apply the settings specified in cloud-config.
[[0;32m  OK  [0m] Started MySQL Community Server.
[[0;32m  OK  [0m] Reached target Multi-User System.
         Starting Execute cloud user/final scripts...
[[0;32m  OK  [0m] Reached target Graphical Interface.
         Starting Update UTMP about System Runlevel Changes...
[[0;32m  OK  [0m] Started Update UTMP about System Runlevel Changes.
[    8.748160] cloud-init[1523]: Cloud-init v. 20.3-2-g371b392c-0ubuntu1~16.04.1 running 'modules:final' at Thu, 15 Oct 2020 22:29:47 +0000. Up 8.59 seconds.
[    8.756441] cloud-init[1523]: Cloud-init v. 20.3-2-g371b392c-0ubuntu1~16.04.1 finished at Thu, 15 Oct 2020 22:29:47 +0000. Datasource DataSourceNoCloud [seed=/dev/sdb][dsmode=net].  Up 8.73 seconds
[[0;32m  OK  [0m] Started Execute cloud user/final scripts.
[[0;32m  OK  [0m] Reached target Cloud-init target.
         Starting Daily apt download activities...

Ubuntu 16.04.7 LTS ubuntu-xenial ttyS0

ubuntu-xenial login: 